Vivado Simulator v2023.2
Copyright 1986-2022 Xilinx, Inc. All Rights Reserved.
Copyright 2022-2023 Advanced Micro Devices, Inc. All Rights Reserved.
Running: C:/Xilinx/Vivado/2023.2/bin/unwrapped/win64.o/xelab.exe --incr --debug typical --relax --mt 2 -L xil_defaultlib -L unisims_ver -L unimacro_ver -L secureip --snapshot tb_behav xil_defaultlib.tb xil_defaultlib.glbl -log elaborate.log 
Using 2 slave threads.
Starting static elaboration
Pass Through NonSizing Optimizer
Completed static elaboration
Starting simulation data flow analysis
Completed simulation data flow analysis
Time Resolution for simulation is 1ps
Compiling module xil_defaultlib.mux2(WIDTH=32)
Compiling module xil_defaultlib.reset_ff(WIDTH=32)
Compiling module xil_defaultlib.instr_mem
Compiling module xil_defaultlib.adder
Compiling module xil_defaultlib.fetch_cycle
Compiling module xil_defaultlib.main_decoder
Compiling module xil_defaultlib.alu_decoder
Compiling module xil_defaultlib.controller
Compiling module xil_defaultlib.reg_file
Compiling module xil_defaultlib.imm_extend
Compiling module xil_defaultlib.dec
Compiling module xil_defaultlib.alu
Compiling module xil_defaultlib.PC_Src_logic
Compiling module xil_defaultlib.Execute_Cycle
Compiling module xil_defaultlib.data_mem
Compiling module xil_defaultlib.store_extend
Compiling module xil_defaultlib.memory_cycle
Compiling module xil_defaultlib.load_extend
Compiling module xil_defaultlib.mux4(WIDTH=32)
Compiling module xil_defaultlib.Write_Back_cycle
Compiling module xil_defaultlib.RiscV_Pipe
Compiling module xil_defaultlib.tb
Compiling module xil_defaultlib.glbl
Built simulation snapshot tb_behav
